<?xml version="1.0" encoding="UTF-8"?>
<testsuite name="by.epam.util.StringUtilsTest" tests="1" skipped="0" failures="0" errors="0" timestamp="2021-08-11T05:34:57" hostname="USER-PC" time="0.072">
  <properties/>
  <testcase name="isPositiveNumber()" classname="by.epam.util.StringUtilsTest" time="0.072"/>
  <system-out><![CDATA[]]></system-out>
  <system-err><![CDATA[]]></system-err>
</testsuite>
